<?xml version="1.0" encoding="UTF-8"?>
<!-- Generated by org.testng.reporters.JUnitReportReporter -->
<testsuite hostname="DESKTOP-TD04H10" name="testcases.LoginTest" tests="1" failures="0" timestamp="2 May 2019 07:34:58 GMT" time="21.522" errors="0">
  <testcase name="LoginTest1" time="21.522" classname="testcases.LoginTest"/>
</testsuite> <!-- testcases.LoginTest -->
