<?xml version="1.0" encoding="UTF-8"?>
<!-- Generated by org.testng.reporters.JUnitReportReporter -->
<testsuite hostname="DESKTOP-TD04H10" name="testcases.HomePageTest" tests="1" failures="0" timestamp="28 Apr 2019 09:07:15 GMT" time="23.688" errors="0">
  <testcase name="homePagetest" time="23.688" classname="testcases.HomePageTest"/>
</testsuite> <!-- testcases.HomePageTest -->
