<?xml version="1.0" encoding="UTF-8"?>
<!-- Generated by org.testng.reporters.JUnitReportReporter -->
<testsuite hostname="DESKTOP-TD04H10" name="testcases.LoginTestReport" tests="1" failures="0" timestamp="28 Apr 2019 17:15:09 GMT" time="16.142" errors="0">
  <testcase name="LoginTest1" time="16.142" classname="testcases.LoginTestReport"/>
</testsuite> <!-- testcases.LoginTestReport -->
